09:27:41 **** Incremental Build of configuration Debug for project MCU1 ****
make all 
Building file: ../HMI.c
Invoking: AVR Compiler
avr-gcc -Wall -g2 -gstabs -O0 -fpack-struct -fshort-enums -ffunction-sections -fdata-sections -std=gnu99 -funsigned-char -funsigned-bitfields -mmcu=atmega16 -DF_CPU=1000000UL -MMD -MP -MF"HMI.d" -MT"HMI.o" -c -o "HMI.o" "../HMI.c"
In file included from ../HMI.c:10:
../HMI.h:13:1: warning: "F_CPU" redefined
<command-line>: warning: this is the location of the previous definition
In file included from ../HMI.h:18,
                 from ../HMI.c:10:
c:/winavr-20100110/lib/gcc/../../avr/include/util/delay.h:90:3: warning: #warning "Compiler optimizations disabled; functions from <util/delay.h> won't work as designed"
../HMI.c: In function 'get_initial_password':
../HMI.c:42: warning: pointer targets in passing argument 1 of 'strcmp' differ in signedness
../HMI.c:42: warning: pointer targets in passing argument 2 of 'strcmp' differ in signedness
Finished building: ../HMI.c
 
Building file: ../application.c
Invoking: AVR Compiler
avr-gcc -Wall -g2 -gstabs -O0 -fpack-struct -fshort-enums -ffunction-sections -fdata-sections -std=gnu99 -funsigned-char -funsigned-bitfields -mmcu=atmega16 -DF_CPU=1000000UL -MMD -MP -MF"application.d" -MT"application.o" -c -o "application.o" "../application.c"
In file included from ../application.c:9:
../HMI.h:13:1: warning: "F_CPU" redefined
<command-line>: warning: this is the location of the previous definition
In file included from ../HMI.h:18,
                 from ../application.c:9:
c:/winavr-20100110/lib/gcc/../../avr/include/util/delay.h:90:3: warning: #warning "Compiler optimizations disabled; functions from <util/delay.h> won't work as designed"
Finished building: ../application.c
 
Building file: ../gpio.c
Invoking: AVR Compiler
avr-gcc -Wall -g2 -gstabs -O0 -fpack-struct -fshort-enums -ffunction-sections -fdata-sections -std=gnu99 -funsigned-char -funsigned-bitfields -mmcu=atmega16 -DF_CPU=1000000UL -MMD -MP -MF"gpio.d" -MT"gpio.o" -c -o "gpio.o" "../gpio.c"
Finished building: ../gpio.c
 
Building file: ../keypad.c
Invoking: AVR Compiler
avr-gcc -Wall -g2 -gstabs -O0 -fpack-struct -fshort-enums -ffunction-sections -fdata-sections -std=gnu99 -funsigned-char -funsigned-bitfields -mmcu=atmega16 -DF_CPU=1000000UL -MMD -MP -MF"keypad.d" -MT"keypad.o" -c -o "keypad.o" "../keypad.c"
Finished building: ../keypad.c
 
Building file: ../lcd.c
Invoking: AVR Compiler
avr-gcc -Wall -g2 -gstabs -O0 -fpack-struct -fshort-enums -ffunction-sections -fdata-sections -std=gnu99 -funsigned-char -funsigned-bitfields -mmcu=atmega16 -DF_CPU=1000000UL -MMD -MP -MF"lcd.d" -MT"lcd.o" -c -o "lcd.o" "../lcd.c"
../lcd.c:9:1: warning: "F_CPU" redefined
<command-line>: warning: this is the location of the previous definition
In file included from ../lcd.c:10:
c:/winavr-20100110/lib/gcc/../../avr/include/util/delay.h:90:3: warning: #warning "Compiler optimizations disabled; functions from <util/delay.h> won't work as designed"
../lcd.c: In function 'LCD_sendCommand':
../lcd.c:54: warning: unused variable 'lcd_port_value'
../lcd.c: In function 'LCD_displayCharacter':
../lcd.c:102: warning: unused variable 'lcd_port_value'
../lcd.c: In function 'LCD_intgerToString':
../lcd.c:202: warning: implicit declaration of function 'itoa'
../lcd.c:203: warning: pointer targets in passing argument 1 of 'LCD_displayString' differ in signedness
Finished building: ../lcd.c
 
Building file: ../uart.c
Invoking: AVR Compiler
avr-gcc -Wall -g2 -gstabs -O0 -fpack-struct -fshort-enums -ffunction-sections -fdata-sections -std=gnu99 -funsigned-char -funsigned-bitfields -mmcu=atmega16 -DF_CPU=1000000UL -MMD -MP -MF"uart.d" -MT"uart.o" -c -o "uart.o" "../uart.c"
../uart.c:9:1: warning: "F_CPU" redefined
<command-line>: warning: this is the location of the previous definition
Finished building: ../uart.c
 
Building target: MCU1.elf
Invoking: AVR C Linker
avr-gcc -Wl,-Map,MCU1.map -mmcu=atmega16 -o "MCU1.elf"  ./HMI.o ./application.o ./gpio.o ./keypad.o ./lcd.o ./uart.o   
Finished building target: MCU1.elf
 
Invoking: AVR Create Extended Listing
avr-objdump -h -S MCU1.elf  >"MCU1.lss"
Finished building: MCU1.lss
 
Invoking: Print Size
avr-size --format=avr --mcu=atmega16 MCU1.elf
AVR Memory Usage
----------------
Device: atmega16

Program:   11902 bytes (72.6% Full)
(.text + .data + .bootloader)

Data:        174 bytes (17.0% Full)
(.data + .bss + .noinit)


Finished building: sizedummy
 

09:27:42 Build Finished. 0 errors, 13 warnings. (took 1s.529ms)

